::1 - - [10/Jan/2023:12:16:27 +0000] "GET / HTTP/1.1" 500 1412
::1 - - [10/Jan/2023:12:16:27 +0000] "GET / HTTP/1.1" 500 1412
::1 - - [10/Jan/2023:12:16:27 +0000] "GET / HTTP/1.1" 500 1412
::1 - - [10/Jan/2023:12:16:27 +0000] "GET / HTTP/1.1" 500 1412
::1 - - [10/Jan/2023:12:19:05 +0000] "POST /uploadfile HTTP/1.1" 500 1344
::1 - - [10/Jan/2023:12:19:29 +0000] "POST /uploadfile HTTP/1.1" 500 1412
::1 - - [10/Jan/2023:12:19:54 +0000] "POST /uploadfile HTTP/1.1" 500 1412
::1 - - [10/Jan/2023:12:20:39 +0000] "POST /uploadfile HTTP/1.1" 500 1412
::1 - - [10/Jan/2023:12:22:16 +0000] "POST /uploadfile HTTP/1.1" 500 1343
::1 - - [10/Jan/2023:12:25:35 +0000] "GET / HTTP/1.1" 200 569
::1 - - [10/Jan/2023:12:25:36 +0000] "GET /favicon.ico HTTP/1.1" 200 16
::1 - - [10/Jan/2023:12:26:15 +0000] "GET / HTTP/1.1" 200 569
::1 - - [10/Jan/2023:12:26:17 +0000] "GET /favicon.ico HTTP/1.1" 200 16
::1 - - [10/Jan/2023:12:26:30 +0000] "POST /uploadfile HTTP/1.1" 500 1411
::1 - - [10/Jan/2023:12:28:16 +0000] "GET / HTTP/1.1" 304 -
::1 - - [10/Jan/2023:12:28:17 +0000] "GET /favicon.ico HTTP/1.1" 304 -
::1 - - [10/Jan/2023:12:32:00 +0000] "POST /uploadfile HTTP/1.1" 500 1411
::1 - - [10/Jan/2023:12:35:27 +0000] "POST /uploadfile HTTP/1.1" 500 1411
::1 - - [10/Jan/2023:12:37:33 +0000] "GET / HTTP/1.1" 200 587
::1 - - [10/Jan/2023:12:37:34 +0000] "GET /favicon.ico HTTP/1.1" 304 -
::1 - - [10/Jan/2023:12:40:39 +0000] "POST /uploadfile HTTP/1.1" 500 1343
::1 - - [10/Jan/2023:12:41:03 +0000] "GET / HTTP/1.1" 200 23
::1 - - [10/Jan/2023:12:41:04 +0000] "GET /favicon.ico HTTP/1.1" 304 -
::1 - - [10/Jan/2023:12:42:19 +0000] "POST /uploadfile HTTP/1.1" 500 1343
